2016-11-09 18:28:26 [INFO ] - FrameworkServlet 'spring-web': initialization started
2016-11-09 18:28:26 [INFO ] - Refreshing WebApplicationContext for namespace 'spring-web-servlet': startup date [Wed Nov 09 18:28:26 CET 2016]; root of context hierarchy
2016-11-09 18:28:26 [INFO ] - Loading XML bean definitions from ServletContext resource [/WEB-INF/spring-web-servlet.xml]
2016-11-09 18:28:26 [INFO ] - JSR-330 'javax.inject.Inject' annotation found and supported for autowiring
2016-11-09 18:28:27 [INFO ] - Mapped URL path [/resources/**] onto handler 'org.springframework.web.servlet.resource.ResourceHttpRequestHandler#0'
2016-11-09 18:28:27 [INFO ] - Mapped "{[/hello],methods=[GET]}" onto public org.springframework.web.servlet.ModelAndView fr.unice.polytech.al.trafficlight.webapp.controller.HelloController.hello()
2016-11-09 18:28:27 [INFO ] - Looking for @ControllerAdvice: WebApplicationContext for namespace 'spring-web-servlet': startup date [Wed Nov 09 18:28:26 CET 2016]; root of context hierarchy
2016-11-09 18:28:28 [INFO ] - Looking for @ControllerAdvice: WebApplicationContext for namespace 'spring-web-servlet': startup date [Wed Nov 09 18:28:26 CET 2016]; root of context hierarchy
2016-11-09 18:28:28 [INFO ] - FrameworkServlet 'spring-web': initialization completed in 2112 ms
2016-11-09 18:30:22 [INFO ] - Closing WebApplicationContext for namespace 'spring-web-servlet': startup date [Wed Nov 09 18:28:26 CET 2016]; root of context hierarchy
2016-11-09 18:30:39 [INFO ] - FrameworkServlet 'spring-web': initialization started
2016-11-09 18:30:39 [INFO ] - Refreshing WebApplicationContext for namespace 'spring-web-servlet': startup date [Wed Nov 09 18:30:39 CET 2016]; root of context hierarchy
2016-11-09 18:30:39 [INFO ] - Loading XML bean definitions from ServletContext resource [/WEB-INF/spring-web-servlet.xml]
2016-11-09 18:30:39 [INFO ] - JSR-330 'javax.inject.Inject' annotation found and supported for autowiring
2016-11-09 18:30:40 [INFO ] - Mapped URL path [/resources/**] onto handler 'org.springframework.web.servlet.resource.ResourceHttpRequestHandler#0'
2016-11-09 18:30:40 [INFO ] - Mapped "{[/hello],methods=[GET]}" onto public org.springframework.web.servlet.ModelAndView fr.unice.polytech.al.trafficlight.webapp.controller.HelloController.hello()
2016-11-09 18:30:40 [INFO ] - Looking for @ControllerAdvice: WebApplicationContext for namespace 'spring-web-servlet': startup date [Wed Nov 09 18:30:39 CET 2016]; root of context hierarchy
2016-11-09 18:30:40 [INFO ] - Looking for @ControllerAdvice: WebApplicationContext for namespace 'spring-web-servlet': startup date [Wed Nov 09 18:30:39 CET 2016]; root of context hierarchy
2016-11-09 18:30:40 [INFO ] - FrameworkServlet 'spring-web': initialization completed in 1528 ms
2016-11-09 18:32:53 [INFO ] - Closing WebApplicationContext for namespace 'spring-web-servlet': startup date [Wed Nov 09 18:30:39 CET 2016]; root of context hierarchy
2016-11-09 18:33:09 [INFO ] - FrameworkServlet 'spring-web': initialization started
2016-11-09 18:33:09 [INFO ] - Refreshing WebApplicationContext for namespace 'spring-web-servlet': startup date [Wed Nov 09 18:33:09 CET 2016]; root of context hierarchy
2016-11-09 18:33:09 [INFO ] - Loading XML bean definitions from ServletContext resource [/WEB-INF/spring-web-servlet.xml]
2016-11-09 18:33:09 [INFO ] - JSR-330 'javax.inject.Inject' annotation found and supported for autowiring
2016-11-09 18:33:10 [INFO ] - Mapped URL path [/resources/**] onto handler 'org.springframework.web.servlet.resource.ResourceHttpRequestHandler#0'
2016-11-09 18:33:10 [INFO ] - Mapped "{[/hello],methods=[GET]}" onto public org.springframework.web.servlet.ModelAndView fr.unice.polytech.al.trafficlight.webapp.controller.HelloController.hello()
2016-11-09 18:33:10 [INFO ] - Looking for @ControllerAdvice: WebApplicationContext for namespace 'spring-web-servlet': startup date [Wed Nov 09 18:33:09 CET 2016]; root of context hierarchy
2016-11-09 18:33:10 [INFO ] - Looking for @ControllerAdvice: WebApplicationContext for namespace 'spring-web-servlet': startup date [Wed Nov 09 18:33:09 CET 2016]; root of context hierarchy
2016-11-09 18:33:10 [INFO ] - FrameworkServlet 'spring-web': initialization completed in 1639 ms
2016-11-09 18:34:39 [INFO ] - Closing WebApplicationContext for namespace 'spring-web-servlet': startup date [Wed Nov 09 18:33:09 CET 2016]; root of context hierarchy
2016-11-09 18:34:53 [INFO ] - FrameworkServlet 'spring-web': initialization started
2016-11-09 18:34:53 [INFO ] - Refreshing WebApplicationContext for namespace 'spring-web-servlet': startup date [Wed Nov 09 18:34:53 CET 2016]; root of context hierarchy
2016-11-09 18:34:53 [INFO ] - Loading XML bean definitions from ServletContext resource [/WEB-INF/spring-web-servlet.xml]
2016-11-09 18:34:53 [INFO ] - JSR-330 'javax.inject.Inject' annotation found and supported for autowiring
2016-11-09 18:34:54 [INFO ] - Mapped URL path [/resources/**] onto handler 'org.springframework.web.servlet.resource.ResourceHttpRequestHandler#0'
2016-11-09 18:34:54 [INFO ] - Mapped "{[/hello],methods=[GET]}" onto public org.springframework.web.servlet.ModelAndView fr.unice.polytech.al.trafficlight.webapp.controller.HelloController.hello()
2016-11-09 18:34:54 [INFO ] - Looking for @ControllerAdvice: WebApplicationContext for namespace 'spring-web-servlet': startup date [Wed Nov 09 18:34:53 CET 2016]; root of context hierarchy
2016-11-09 18:34:54 [INFO ] - Looking for @ControllerAdvice: WebApplicationContext for namespace 'spring-web-servlet': startup date [Wed Nov 09 18:34:53 CET 2016]; root of context hierarchy
2016-11-09 18:34:54 [INFO ] - FrameworkServlet 'spring-web': initialization completed in 1765 ms
2016-11-09 18:39:10 [INFO ] - Closing WebApplicationContext for namespace 'spring-web-servlet': startup date [Wed Nov 09 18:34:53 CET 2016]; root of context hierarchy
2016-11-09 18:39:26 [INFO ] - FrameworkServlet 'spring-web': initialization started
2016-11-09 18:39:26 [INFO ] - Refreshing WebApplicationContext for namespace 'spring-web-servlet': startup date [Wed Nov 09 18:39:26 CET 2016]; root of context hierarchy
2016-11-09 18:39:26 [INFO ] - Loading XML bean definitions from ServletContext resource [/WEB-INF/spring-web-servlet.xml]
2016-11-09 18:39:26 [INFO ] - JSR-330 'javax.inject.Inject' annotation found and supported for autowiring
2016-11-09 18:39:27 [INFO ] - Mapped URL path [/resources/**] onto handler 'org.springframework.web.servlet.resource.ResourceHttpRequestHandler#0'
2016-11-09 18:39:27 [INFO ] - Mapped "{[/hello],methods=[GET]}" onto public org.springframework.web.servlet.ModelAndView fr.unice.polytech.al.trafficlight.webapp.controller.HelloController.hello()
2016-11-09 18:39:27 [INFO ] - Looking for @ControllerAdvice: WebApplicationContext for namespace 'spring-web-servlet': startup date [Wed Nov 09 18:39:26 CET 2016]; root of context hierarchy
2016-11-09 18:39:27 [INFO ] - Looking for @ControllerAdvice: WebApplicationContext for namespace 'spring-web-servlet': startup date [Wed Nov 09 18:39:26 CET 2016]; root of context hierarchy
2016-11-09 18:39:27 [INFO ] - FrameworkServlet 'spring-web': initialization completed in 1704 ms
2016-11-09 18:44:31 [INFO ] - Closing WebApplicationContext for namespace 'spring-web-servlet': startup date [Wed Nov 09 18:39:26 CET 2016]; root of context hierarchy
2016-11-09 18:44:43 [INFO ] - FrameworkServlet 'spring-web': initialization started
2016-11-09 18:44:43 [INFO ] - Refreshing WebApplicationContext for namespace 'spring-web-servlet': startup date [Wed Nov 09 18:44:43 CET 2016]; root of context hierarchy
2016-11-09 18:44:43 [INFO ] - Loading XML bean definitions from ServletContext resource [/WEB-INF/spring-web-servlet.xml]
2016-11-09 18:44:44 [INFO ] - JSR-330 'javax.inject.Inject' annotation found and supported for autowiring
2016-11-09 18:44:44 [INFO ] - Mapped URL path [/resources/**] onto handler 'org.springframework.web.servlet.resource.ResourceHttpRequestHandler#0'
2016-11-09 18:44:44 [INFO ] - Mapped "{[/hello],methods=[GET]}" onto public org.springframework.web.servlet.ModelAndView fr.unice.polytech.al.trafficlight.webapp.controller.HelloController.hello()
2016-11-09 18:44:44 [INFO ] - Looking for @ControllerAdvice: WebApplicationContext for namespace 'spring-web-servlet': startup date [Wed Nov 09 18:44:43 CET 2016]; root of context hierarchy
2016-11-09 18:44:44 [INFO ] - Looking for @ControllerAdvice: WebApplicationContext for namespace 'spring-web-servlet': startup date [Wed Nov 09 18:44:43 CET 2016]; root of context hierarchy
2016-11-09 18:44:45 [INFO ] - FrameworkServlet 'spring-web': initialization completed in 1643 ms
2016-11-09 18:45:27 [INFO ] - Closing WebApplicationContext for namespace 'spring-web-servlet': startup date [Wed Nov 09 18:44:43 CET 2016]; root of context hierarchy
2016-11-09 18:45:39 [INFO ] - FrameworkServlet 'spring-web': initialization started
2016-11-09 18:45:39 [INFO ] - Refreshing WebApplicationContext for namespace 'spring-web-servlet': startup date [Wed Nov 09 18:45:39 CET 2016]; root of context hierarchy
2016-11-09 18:45:39 [INFO ] - Loading XML bean definitions from ServletContext resource [/WEB-INF/spring-web-servlet.xml]
2016-11-09 18:45:39 [INFO ] - JSR-330 'javax.inject.Inject' annotation found and supported for autowiring
2016-11-09 18:45:40 [INFO ] - Mapped URL path [/resources/**] onto handler 'org.springframework.web.servlet.resource.ResourceHttpRequestHandler#0'
2016-11-09 18:45:40 [INFO ] - Mapped "{[/hello],methods=[GET]}" onto public org.springframework.web.servlet.ModelAndView fr.unice.polytech.al.trafficlight.webapp.controller.HelloController.hello()
2016-11-09 18:45:40 [INFO ] - Looking for @ControllerAdvice: WebApplicationContext for namespace 'spring-web-servlet': startup date [Wed Nov 09 18:45:39 CET 2016]; root of context hierarchy
2016-11-09 18:45:40 [INFO ] - Looking for @ControllerAdvice: WebApplicationContext for namespace 'spring-web-servlet': startup date [Wed Nov 09 18:45:39 CET 2016]; root of context hierarchy
2016-11-09 18:45:40 [INFO ] - FrameworkServlet 'spring-web': initialization completed in 1598 ms
2016-11-09 18:47:23 [INFO ] - Closing WebApplicationContext for namespace 'spring-web-servlet': startup date [Wed Nov 09 18:45:39 CET 2016]; root of context hierarchy
2016-11-09 18:47:36 [INFO ] - FrameworkServlet 'spring-web': initialization started
2016-11-09 18:47:36 [INFO ] - Refreshing WebApplicationContext for namespace 'spring-web-servlet': startup date [Wed Nov 09 18:47:36 CET 2016]; root of context hierarchy
2016-11-09 18:47:37 [INFO ] - Loading XML bean definitions from ServletContext resource [/WEB-INF/spring-web-servlet.xml]
2016-11-09 18:47:37 [INFO ] - JSR-330 'javax.inject.Inject' annotation found and supported for autowiring
2016-11-09 18:47:38 [INFO ] - Mapped URL path [/resources/**] onto handler 'org.springframework.web.servlet.resource.ResourceHttpRequestHandler#0'
2016-11-09 18:47:38 [INFO ] - Mapped "{[/hello],methods=[GET]}" onto public org.springframework.web.servlet.ModelAndView fr.unice.polytech.al.trafficlight.webapp.controller.HelloController.hello()
2016-11-09 18:47:38 [INFO ] - Looking for @ControllerAdvice: WebApplicationContext for namespace 'spring-web-servlet': startup date [Wed Nov 09 18:47:36 CET 2016]; root of context hierarchy
2016-11-09 18:47:38 [INFO ] - Looking for @ControllerAdvice: WebApplicationContext for namespace 'spring-web-servlet': startup date [Wed Nov 09 18:47:36 CET 2016]; root of context hierarchy
2016-11-09 18:47:38 [INFO ] - FrameworkServlet 'spring-web': initialization completed in 1709 ms
2016-11-09 18:49:24 [INFO ] - Closing WebApplicationContext for namespace 'spring-web-servlet': startup date [Wed Nov 09 18:47:36 CET 2016]; root of context hierarchy
2016-11-09 18:49:37 [INFO ] - FrameworkServlet 'spring-web': initialization started
2016-11-09 18:49:37 [INFO ] - Refreshing WebApplicationContext for namespace 'spring-web-servlet': startup date [Wed Nov 09 18:49:37 CET 2016]; root of context hierarchy
2016-11-09 18:49:37 [INFO ] - Loading XML bean definitions from ServletContext resource [/WEB-INF/spring-web-servlet.xml]
2016-11-09 18:49:37 [INFO ] - JSR-330 'javax.inject.Inject' annotation found and supported for autowiring
2016-11-09 18:49:38 [INFO ] - Mapped URL path [/resources/**] onto handler 'org.springframework.web.servlet.resource.ResourceHttpRequestHandler#0'
2016-11-09 18:49:38 [INFO ] - Mapped "{[/hello],methods=[GET]}" onto public org.springframework.web.servlet.ModelAndView fr.unice.polytech.al.trafficlight.webapp.controller.HelloController.hello()
2016-11-09 18:49:38 [INFO ] - Looking for @ControllerAdvice: WebApplicationContext for namespace 'spring-web-servlet': startup date [Wed Nov 09 18:49:37 CET 2016]; root of context hierarchy
2016-11-09 18:49:38 [INFO ] - Looking for @ControllerAdvice: WebApplicationContext for namespace 'spring-web-servlet': startup date [Wed Nov 09 18:49:37 CET 2016]; root of context hierarchy
2016-11-09 18:49:38 [INFO ] - FrameworkServlet 'spring-web': initialization completed in 1708 ms
2016-11-09 19:51:47 [INFO ] - Closing WebApplicationContext for namespace 'spring-web-servlet': startup date [Wed Nov 09 18:49:37 CET 2016]; root of context hierarchy
