2017-01-05 19:42:04,494 [DEBUG] RequestAddCookies:122 - CookieSpec selected: default    [JavaFX Application Thread]
2017-01-05 19:42:04,512 [DEBUG] RequestAuthCache:76 - Auth cache not set in the context    [JavaFX Application Thread]
2017-01-05 19:42:04,514 [DEBUG] PoolingHttpClientConnectionManager:249 - Connection request: [route: {s}->https://route-smart-city.herokuapp.com:443][total kept alive: 0; route allocated: 0 of 2; total allocated: 0 of 20]    [JavaFX Application Thread]
2017-01-05 19:42:04,534 [DEBUG] PoolingHttpClientConnectionManager:282 - Connection leased: [id: 0][route: {s}->https://route-smart-city.herokuapp.com:443][total kept alive: 0; route allocated: 1 of 2; total allocated: 1 of 20]    [JavaFX Application Thread]
2017-01-05 19:42:04,536 [DEBUG] MainClientExec:234 - Opening connection {s}->https://route-smart-city.herokuapp.com:443    [JavaFX Application Thread]
2017-01-05 19:42:04,557 [DEBUG] DefaultHttpClientConnectionOperator:138 - Connecting to route-smart-city.herokuapp.com/176.34.188.130:443    [JavaFX Application Thread]
2017-01-05 19:42:04,557 [DEBUG] SSLConnectionSocketFactory:335 - Connecting socket to route-smart-city.herokuapp.com/176.34.188.130:443 with timeout 0    [JavaFX Application Thread]
2017-01-05 19:42:04,878 [DEBUG] SSLConnectionSocketFactory:388 - Enabled protocols: [TLSv1, TLSv1.1, TLSv1.2]    [JavaFX Application Thread]
2017-01-05 19:42:04,878 [DEBUG] SSLConnectionSocketFactory:389 - Enabled cipher suites:[TLS_ECDHE_ECDSA_WITH_AES_128_CBC_SHA256, TLS_ECDHE_RSA_WITH_AES_128_CBC_SHA256, TLS_RSA_WITH_AES_128_CBC_SHA256, TLS_ECDH_ECDSA_WITH_AES_128_CBC_SHA256, TLS_ECDH_RSA_WITH_AES_128_CBC_SHA256, TLS_DHE_RSA_WITH_AES_128_CBC_SHA256, TLS_DHE_DSS_WITH_AES_128_CBC_SHA256, TLS_ECDHE_ECDSA_WITH_AES_128_CBC_SHA, TLS_ECDHE_RSA_WITH_AES_128_CBC_SHA, TLS_RSA_WITH_AES_128_CBC_SHA, TLS_ECDH_ECDSA_WITH_AES_128_CBC_SHA, TLS_ECDH_RSA_WITH_AES_128_CBC_SHA, TLS_DHE_RSA_WITH_AES_128_CBC_SHA, TLS_DHE_DSS_WITH_AES_128_CBC_SHA, TLS_ECDHE_ECDSA_WITH_AES_128_GCM_SHA256, TLS_ECDHE_RSA_WITH_AES_128_GCM_SHA256, TLS_RSA_WITH_AES_128_GCM_SHA256, TLS_ECDH_ECDSA_WITH_AES_128_GCM_SHA256, TLS_ECDH_RSA_WITH_AES_128_GCM_SHA256, TLS_DHE_RSA_WITH_AES_128_GCM_SHA256, TLS_DHE_DSS_WITH_AES_128_GCM_SHA256, TLS_ECDHE_ECDSA_WITH_3DES_EDE_CBC_SHA, TLS_ECDHE_RSA_WITH_3DES_EDE_CBC_SHA, SSL_RSA_WITH_3DES_EDE_CBC_SHA, TLS_ECDH_ECDSA_WITH_3DES_EDE_CBC_SHA, TLS_ECDH_RSA_WITH_3DES_EDE_CBC_SHA, SSL_DHE_RSA_WITH_3DES_EDE_CBC_SHA, SSL_DHE_DSS_WITH_3DES_EDE_CBC_SHA, TLS_EMPTY_RENEGOTIATION_INFO_SCSV]    [JavaFX Application Thread]
2017-01-05 19:42:04,879 [DEBUG] SSLConnectionSocketFactory:393 - Starting handshake    [JavaFX Application Thread]
2017-01-05 19:42:04,996 [DEBUG] SSLConnectionSocketFactory:423 - Secure session established    [JavaFX Application Thread]
2017-01-05 19:42:04,996 [DEBUG] SSLConnectionSocketFactory:424 -  negotiated protocol: TLSv1.2    [JavaFX Application Thread]
2017-01-05 19:42:04,997 [DEBUG] SSLConnectionSocketFactory:425 -  negotiated cipher suite: TLS_ECDHE_RSA_WITH_AES_128_GCM_SHA256    [JavaFX Application Thread]
2017-01-05 19:42:04,997 [DEBUG] SSLConnectionSocketFactory:433 -  peer principal: CN=*.herokuapp.com, O="Heroku, Inc.", L=San Francisco, ST=California, C=US    [JavaFX Application Thread]
2017-01-05 19:42:04,998 [DEBUG] SSLConnectionSocketFactory:442 -  peer alternative names: [*.herokuapp.com, herokuapp.com]    [JavaFX Application Thread]
2017-01-05 19:42:04,998 [DEBUG] SSLConnectionSocketFactory:446 -  issuer principal: CN=DigiCert SHA2 High Assurance Server CA, OU=www.digicert.com, O=DigiCert Inc, C=US    [JavaFX Application Thread]
2017-01-05 19:42:05,002 [DEBUG] DefaultHttpClientConnectionOperator:145 - Connection established 10.212.105.171:54144<->176.34.188.130:443    [JavaFX Application Thread]
2017-01-05 19:42:05,002 [DEBUG] MainClientExec:255 - Executing request PUT /crossroad/a/trafficlight/a/vehicle/a HTTP/1.1    [JavaFX Application Thread]
2017-01-05 19:42:05,003 [DEBUG] MainClientExec:260 - Target auth state: UNCHALLENGED    [JavaFX Application Thread]
2017-01-05 19:42:05,003 [DEBUG] MainClientExec:266 - Proxy auth state: UNCHALLENGED    [JavaFX Application Thread]
2017-01-05 19:42:05,005 [DEBUG] headers:135 - http-outgoing-0 >> PUT /crossroad/a/trafficlight/a/vehicle/a HTTP/1.1    [JavaFX Application Thread]
2017-01-05 19:42:05,005 [DEBUG] headers:138 - http-outgoing-0 >> accept: application/json    [JavaFX Application Thread]
2017-01-05 19:42:05,006 [DEBUG] headers:138 - http-outgoing-0 >> Content-Type: application/json    [JavaFX Application Thread]
2017-01-05 19:42:05,006 [DEBUG] headers:138 - http-outgoing-0 >> Content-Length: 0    [JavaFX Application Thread]
2017-01-05 19:42:05,006 [DEBUG] headers:138 - http-outgoing-0 >> Host: route-smart-city.herokuapp.com    [JavaFX Application Thread]
2017-01-05 19:42:05,006 [DEBUG] headers:138 - http-outgoing-0 >> Connection: Keep-Alive    [JavaFX Application Thread]
2017-01-05 19:42:05,007 [DEBUG] headers:138 - http-outgoing-0 >> User-Agent: Apache-HttpClient/4.5.2 (Java/1.8.0_111)    [JavaFX Application Thread]
2017-01-05 19:42:05,007 [DEBUG] headers:138 - http-outgoing-0 >> Accept-Encoding: gzip,deflate    [JavaFX Application Thread]
2017-01-05 19:42:05,008 [DEBUG] wire:72 - http-outgoing-0 >> "PUT /crossroad/a/trafficlight/a/vehicle/a HTTP/1.1[\r][\n]"    [JavaFX Application Thread]
2017-01-05 19:42:05,009 [DEBUG] wire:72 - http-outgoing-0 >> "accept: application/json[\r][\n]"    [JavaFX Application Thread]
2017-01-05 19:42:05,009 [DEBUG] wire:72 - http-outgoing-0 >> "Content-Type: application/json[\r][\n]"    [JavaFX Application Thread]
2017-01-05 19:42:05,010 [DEBUG] wire:72 - http-outgoing-0 >> "Content-Length: 0[\r][\n]"    [JavaFX Application Thread]
2017-01-05 19:42:05,010 [DEBUG] wire:72 - http-outgoing-0 >> "Host: route-smart-city.herokuapp.com[\r][\n]"    [JavaFX Application Thread]
2017-01-05 19:42:05,011 [DEBUG] wire:72 - http-outgoing-0 >> "Connection: Keep-Alive[\r][\n]"    [JavaFX Application Thread]
2017-01-05 19:42:05,011 [DEBUG] wire:72 - http-outgoing-0 >> "User-Agent: Apache-HttpClient/4.5.2 (Java/1.8.0_111)[\r][\n]"    [JavaFX Application Thread]
2017-01-05 19:42:05,011 [DEBUG] wire:72 - http-outgoing-0 >> "Accept-Encoding: gzip,deflate[\r][\n]"    [JavaFX Application Thread]
2017-01-05 19:42:05,012 [DEBUG] wire:72 - http-outgoing-0 >> "[\r][\n]"    [JavaFX Application Thread]
2017-01-05 19:42:05,169 [DEBUG] wire:72 - http-outgoing-0 << "HTTP/1.1 404 [\r][\n]"    [JavaFX Application Thread]
2017-01-05 19:42:05,170 [DEBUG] wire:72 - http-outgoing-0 << "Server: Cowboy[\r][\n]"    [JavaFX Application Thread]
2017-01-05 19:42:05,170 [DEBUG] wire:72 - http-outgoing-0 << "Connection: keep-alive[\r][\n]"    [JavaFX Application Thread]
2017-01-05 19:42:05,170 [DEBUG] wire:72 - http-outgoing-0 << "Content-Type: application/json;charset=UTF-8[\r][\n]"    [JavaFX Application Thread]
2017-01-05 19:42:05,170 [DEBUG] wire:72 - http-outgoing-0 << "Transfer-Encoding: chunked[\r][\n]"    [JavaFX Application Thread]
2017-01-05 19:42:05,171 [DEBUG] wire:72 - http-outgoing-0 << "Date: Thu, 05 Jan 2017 18:42:04 GMT[\r][\n]"    [JavaFX Application Thread]
2017-01-05 19:42:05,171 [DEBUG] wire:72 - http-outgoing-0 << "Via: 1.1 vegur[\r][\n]"    [JavaFX Application Thread]
2017-01-05 19:42:05,171 [DEBUG] wire:72 - http-outgoing-0 << "[\r][\n]"    [JavaFX Application Thread]
2017-01-05 19:42:05,173 [DEBUG] headers:124 - http-outgoing-0 << HTTP/1.1 404     [JavaFX Application Thread]
2017-01-05 19:42:05,174 [DEBUG] headers:127 - http-outgoing-0 << Server: Cowboy    [JavaFX Application Thread]
2017-01-05 19:42:05,174 [DEBUG] headers:127 - http-outgoing-0 << Connection: keep-alive    [JavaFX Application Thread]
2017-01-05 19:42:05,175 [DEBUG] headers:127 - http-outgoing-0 << Content-Type: application/json;charset=UTF-8    [JavaFX Application Thread]
2017-01-05 19:42:05,175 [DEBUG] headers:127 - http-outgoing-0 << Transfer-Encoding: chunked    [JavaFX Application Thread]
2017-01-05 19:42:05,175 [DEBUG] headers:127 - http-outgoing-0 << Date: Thu, 05 Jan 2017 18:42:04 GMT    [JavaFX Application Thread]
2017-01-05 19:42:05,176 [DEBUG] headers:127 - http-outgoing-0 << Via: 1.1 vegur    [JavaFX Application Thread]
2017-01-05 19:42:05,182 [DEBUG] MainClientExec:284 - Connection can be kept alive indefinitely    [JavaFX Application Thread]
2017-01-05 19:42:05,184 [INFO ] CommunicationService:28 - response status :404    [JavaFX Application Thread]
2017-01-05 19:42:05,185 [DEBUG] PoolingHttpClientConnectionManager:388 - Connection manager is shutting down    [JavaFX Application Thread]
2017-01-05 19:42:05,185 [DEBUG] DefaultManagedHttpClientConnection:81 - http-outgoing-0: Close connection    [JavaFX Application Thread]
2017-01-05 19:42:05,186 [DEBUG] PoolingHttpClientConnectionManager:394 - Connection manager shut down    [JavaFX Application Thread]
2017-02-02 11:14:35,159 [INFO ] CommunicationService:47 - response status :405    [JavaFX Application Thread]
2017-02-02 11:14:35,401 [INFO ] CommunicationService:47 - response status :405    [JavaFX Application Thread]
2017-02-02 11:14:35,634 [INFO ] CommunicationService:33 - response status :405    [JavaFX Application Thread]
2017-02-02 11:14:35,873 [INFO ] CommunicationService:33 - response status :405    [JavaFX Application Thread]
2017-02-02 11:14:36,086 [INFO ] CommunicationService:33 - response status :405    [JavaFX Application Thread]
2017-02-02 11:14:48,953 [INFO ] CommunicationService:33 - response status :405    [JavaFX Application Thread]
2017-02-02 11:16:19,521 [INFO ] CommunicationService:33 - response status :405    [JavaFX Application Thread]
2017-02-02 21:42:06,762 [INFO ] CommunicationService:43 - response status :200    [JavaFX Application Thread]
2017-02-02 21:45:51,341 [INFO ] CommunicationService:43 - response status :200    [JavaFX Application Thread]
2017-02-02 21:47:26,940 [INFO ] CommunicationService:57 - response status :200    [JavaFX Application Thread]
2017-02-02 21:48:41,852 [INFO ] CommunicationService:43 - response status :200    [JavaFX Application Thread]
2017-02-02 21:50:53,638 [INFO ] CommunicationService:43 - response status :200    [JavaFX Application Thread]
2017-02-02 21:51:33,284 [INFO ] CommunicationService:57 - response status :200    [JavaFX Application Thread]
2017-02-02 21:51:33,527 [INFO ] CommunicationService:43 - response status :200    [JavaFX Application Thread]
